<?xml version="1.0" encoding="UTF-8"?>
<!-- Generated by org.testng.reporters.JUnitReportReporter -->
<testsuite skipped="0" hostname="DESKTOP-888A2JB" name="PomWithPageFactoryPractice.RegistrationTest" tests="1" failures="0" timestamp="2022-10-01T09:25:05 IST" time="4.444" errors="0">
  <testcase name="FacebookRegistrationPageTest_Positive" time="4.444" classname="PomWithPageFactoryPractice.RegistrationTest"/>
</testsuite> <!-- PomWithPageFactoryPractice.RegistrationTest -->
