<?xml version="1.0" encoding="UTF-8"?>
<!-- Generated by org.testng.reporters.JUnitReportReporter -->
<testsuite skipped="0" hostname="DESKTOP-888A2JB" name="GroupingPractice.TestCase3" tests="1" failures="0" timestamp="2022-09-23T09:09:01 IST" time="0.002" errors="0">
  <testcase name="Test7" time="0.002" classname="GroupingPractice.TestCase3"/>
</testsuite> <!-- GroupingPractice.TestCase3 -->
