<?xml version="1.0" encoding="UTF-8"?>
<!-- Generated by org.testng.reporters.JUnitReportReporter -->
<testsuite skipped="0" hostname="DESKTOP-888A2JB" name="ParameterizationCrossBrowserPractice.AllBrowsers" tests="12" failures="0" timestamp="2022-09-28T08:45:09 IST" time="24.132" errors="0">
  <testcase name="CrossBrowserTesting" time="10.682" classname="ParameterizationCrossBrowserPractice.AllBrowsers"/>
  <testcase name="CrossBrowserTesting" time="6.929" classname="ParameterizationCrossBrowserPractice.AllBrowsers"/>
  <testcase name="VerifyCurrentUrl" time="0.016" classname="ParameterizationCrossBrowserPractice.AllBrowsers"/>
  <testcase name="VerifyCurrentUrl" time="0.038" classname="ParameterizationCrossBrowserPractice.AllBrowsers"/>
  <testcase name="VerifyPageTitle" time="0.014" classname="ParameterizationCrossBrowserPractice.AllBrowsers"/>
  <testcase name="VerifyPageTitle" time="0.018" classname="ParameterizationCrossBrowserPractice.AllBrowsers"/>
  <testcase name="VerifyUserNameField" time="0.250" classname="ParameterizationCrossBrowserPractice.AllBrowsers"/>
  <testcase name="VerifyUserNameField" time="0.176" classname="ParameterizationCrossBrowserPractice.AllBrowsers"/>
  <testcase name="VerifyPasswordField" time="0.224" classname="ParameterizationCrossBrowserPractice.AllBrowsers"/>
  <testcase name="VerifyPasswordField" time="0.259" classname="ParameterizationCrossBrowserPractice.AllBrowsers"/>
  <testcase name="ClickforgotPasswordLink" time="0.142" classname="ParameterizationCrossBrowserPractice.AllBrowsers"/>
  <testcase name="ClickforgotPasswordLink" time="5.384" classname="ParameterizationCrossBrowserPractice.AllBrowsers"/>
</testsuite> <!-- ParameterizationCrossBrowserPractice.AllBrowsers -->
