<?xml version="1.0" encoding="UTF-8"?>
<!-- Generated by org.testng.reporters.JUnitReportReporter -->
<testsuite skipped="1" hostname="DESKTOP-888A2JB" name="KeywordsPractice.EnabledKeywordPractice" tests="3" failures="0" timestamp="2022-09-22T08:24:08 IST" time="0.030" errors="0">
  <testcase name="SettingsPageTest" time="0.019" classname="KeywordsPractice.EnabledKeywordPractice"/>
  <testcase name="HomePageTest" time="0.011" classname="KeywordsPractice.EnabledKeywordPractice"/>
  <testcase name="NotificationPageTest" classname="KeywordsPractice.EnabledKeywordPractice">
    <skipped/>
  </testcase> <!-- NotificationPageTest -->
</testsuite> <!-- KeywordsPractice.EnabledKeywordPractice -->
