<?xml version="1.0" encoding="UTF-8"?>
<!-- Generated by org.testng.reporters.JUnitReportReporter -->
<testsuite skipped="0" hostname="DESKTOP-888A2JB" name="KeywordsPractice.InvocationCountWithThreadPoolSizePractice" tests="5" failures="0" timestamp="2022-09-22T09:04:44 IST" time="85.056" errors="0">
  <testcase name="OpenBrowser" time="16.240" classname="KeywordsPractice.InvocationCountWithThreadPoolSizePractice"/>
  <testcase name="OpenBrowser" time="18.103" classname="KeywordsPractice.InvocationCountWithThreadPoolSizePractice"/>
  <testcase name="OpenBrowser" time="16.215" classname="KeywordsPractice.InvocationCountWithThreadPoolSizePractice"/>
  <testcase name="OpenBrowser" time="16.316" classname="KeywordsPractice.InvocationCountWithThreadPoolSizePractice"/>
  <testcase name="OpenBrowser" time="18.182" classname="KeywordsPractice.InvocationCountWithThreadPoolSizePractice"/>
</testsuite> <!-- KeywordsPractice.InvocationCountWithThreadPoolSizePractice -->
