<?xml version="1.0" encoding="UTF-8"?>
<!-- Generated by org.testng.reporters.JUnitReportReporter -->
<testsuite skipped="0" hostname="DESKTOP-888A2JB" name="SuiteAnnotationPractice.TestCase1" tests="3" failures="0" timestamp="2022-09-22T07:37:32 IST" time="0.015" errors="0">
  <testcase name="m1" time="0.008" classname="SuiteAnnotationPractice.TestCase1"/>
  <testcase name="m2" time="0.003" classname="SuiteAnnotationPractice.TestCase1"/>
  <testcase name="m3" time="0.004" classname="SuiteAnnotationPractice.TestCase1"/>
</testsuite> <!-- SuiteAnnotationPractice.TestCase1 -->
