<?xml version="1.0" encoding="UTF-8"?>
<!-- Generated by org.testng.reporters.JUnitReportReporter -->
<testsuite skipped="0" hostname="DESKTOP-888A2JB" name="KeywordsPractice.TimeoutsKeywordPractice" tests="6" failures="0" timestamp="2022-09-22T08:49:53 IST" time="3.058" errors="0">
  <testcase name="HomePageTest" time="3.031" classname="KeywordsPractice.TimeoutsKeywordPractice"/>
  <testcase name="NotificationPageTest" time="0.008" classname="KeywordsPractice.TimeoutsKeywordPractice"/>
  <testcase name="NotificationPageTest" time="0.004" classname="KeywordsPractice.TimeoutsKeywordPractice"/>
  <testcase name="NotificationPageTest" time="0.004" classname="KeywordsPractice.TimeoutsKeywordPractice"/>
  <testcase name="NotificationPageTest" time="0.005" classname="KeywordsPractice.TimeoutsKeywordPractice"/>
  <testcase name="NotificationPageTest" time="0.006" classname="KeywordsPractice.TimeoutsKeywordPractice"/>
</testsuite> <!-- KeywordsPractice.TimeoutsKeywordPractice -->
