<?xml version="1.0" encoding="UTF-8"?>
<!-- Generated by org.testng.reporters.JUnitReportReporter -->
<testsuite skipped="0" hostname="DESKTOP-888A2JB" name="Basics.ClassAnnotatiosPractice" tests="3" failures="0" timestamp="2022-09-20T08:56:05 IST" time="0.024" errors="0">
  <testcase name="profilepage" time="0.019" classname="Basics.ClassAnnotatiosPractice"/>
  <testcase name="notificationpage" time="0.002" classname="Basics.ClassAnnotatiosPractice"/>
  <testcase name="homepage" time="0.003" classname="Basics.ClassAnnotatiosPractice"/>
</testsuite> <!-- Basics.ClassAnnotatiosPractice -->
