<?xml version="1.0" encoding="UTF-8"?>
<!-- Generated by org.testng.reporters.JUnitReportReporter -->
<testsuite skipped="0" hostname="DESKTOP-888A2JB" name="Basics.BeforeMethodAfterMethodPractice" tests="3" failures="0" timestamp="2022-09-20T08:45:41 IST" time="0.077" errors="0">
  <testcase name="profilepage" time="0.047" classname="Basics.BeforeMethodAfterMethodPractice"/>
  <testcase name="notificationpage" time="0.013" classname="Basics.BeforeMethodAfterMethodPractice"/>
  <testcase name="homepage" time="0.017" classname="Basics.BeforeMethodAfterMethodPractice"/>
</testsuite> <!-- Basics.BeforeMethodAfterMethodPractice -->
