<?xml version="1.0" encoding="UTF-8"?>
<!-- Generated by org.testng.reporters.JUnitReportReporter -->
<testsuite skipped="0" hostname="DESKTOP-888A2JB" name="KeywordsPractice.InvocationCountPractice" tests="2" failures="0" timestamp="2022-09-22T08:13:43 IST" time="0.016" errors="0">
  <testcase name="HomePageTest" time="0.011" classname="KeywordsPractice.InvocationCountPractice"/>
  <testcase name="NotificationPageTest" time="0.005" classname="KeywordsPractice.InvocationCountPractice"/>
</testsuite> <!-- KeywordsPractice.InvocationCountPractice -->
